<?xml version="1.0" encoding="UTF-8"?>
<!DOCTYPE coverage SYSTEM "http://cobertura.sourceforge.net/xml/coverage-04.dtd">
<coverage line-rate="0.24895397" branch-rate="0" version="" timestamp="1778368264900" lines-covered="119" lines-valid="478" branches-covered="0" branches-valid="0" complexity="0">
	<sources>
		<source>/opt/hostedtoolcache/go/1.25.9/x64/src</source>
	</sources>
	<packages>
		<package name="github.com/spetix/otplet/cmd" line-rate="0" branch-rate="0" complexity="0">
			<classes>
				<class name="-" filename="github.com/spetix/otplet/cmd/main.go" line-rate="0" branch-rate="0" complexity="0">
					<methods>
						<method name="NewMainCommand" signature="" line-rate="0" branch-rate="0" complexity="0">
							<lines>
								<line number="13" hits="0"></line>
								<line number="14" hits="0"></line>
								<line number="15" hits="0"></line>
								<line number="16" hits="0"></line>
								<line number="17" hits="0"></line>
								<line number="18" hits="0"></line>
								<line number="19" hits="0"></line>
								<line number="20" hits="0"></line>
								<line number="21" hits="0"></line>
								<line number="22" hits="0"></line>
								<line number="23" hits="0"></line>
								<line number="24" hits="0"></line>
								<line number="25" hits="0"></line>
								<line number="26" hits="0"></line>
								<line number="27" hits="0"></line>
								<line number="28" hits="0"></line>
								<line number="29" hits="0"></line>
								<line number="30" hits="0"></line>
								<line number="32" hits="0"></line>
								<line number="33" hits="0"></line>
								<line number="34" hits="0"></line>
								<line number="37" hits="0"></line>
								<line number="38" hits="0"></line>
								<line number="39" hits="0"></line>
								<line number="40" hits="0"></line>
								<line number="41" hits="0"></line>
								<line number="42" hits="0"></line>
							</lines>
						</method>
						<method name="main" signature="" line-rate="0" branch-rate="0" complexity="0">
							<lines>
								<line number="45" hits="0"></line>
								<line number="46" hits="0"></line>
								<line number="47" hits="0"></line>
								<line number="48" hits="0"></line>
								<line number="49" hits="0"></line>
								<line number="50" hits="0"></line>
								<line number="51" hits="0"></line>
								<line number="52" hits="0"></line>
								<line number="53" hits="0"></line>
								<line number="54" hits="0"></line>
								<line number="55" hits="0"></line>
								<line number="56" hits="0"></line>
							</lines>
						</method>
					</methods>
					<lines>
						<line number="13" hits="0"></line>
						<line number="14" hits="0"></line>
						<line number="15" hits="0"></line>
						<line number="16" hits="0"></line>
						<line number="17" hits="0"></line>
						<line number="18" hits="0"></line>
						<line number="19" hits="0"></line>
						<line number="20" hits="0"></line>
						<line number="21" hits="0"></line>
						<line number="22" hits="0"></line>
						<line number="23" hits="0"></line>
						<line number="24" hits="0"></line>
						<line number="25" hits="0"></line>
						<line number="26" hits="0"></line>
						<line number="27" hits="0"></line>
						<line number="28" hits="0"></line>
						<line number="29" hits="0"></line>
						<line number="30" hits="0"></line>
						<line number="32" hits="0"></line>
						<line number="33" hits="0"></line>
						<line number="34" hits="0"></line>
						<line number="37" hits="0"></line>
						<line number="38" hits="0"></line>
						<line number="39" hits="0"></line>
						<line number="40" hits="0"></line>
						<line number="41" hits="0"></line>
						<line number="42" hits="0"></line>
						<line number="45" hits="0"></line>
						<line number="46" hits="0"></line>
						<line number="47" hits="0"></line>
						<line number="48" hits="0"></line>
						<line number="49" hits="0"></line>
						<line number="50" hits="0"></line>
						<line number="51" hits="0"></line>
						<line number="52" hits="0"></line>
						<line number="53" hits="0"></line>
						<line number="54" hits="0"></line>
						<line number="55" hits="0"></line>
						<line number="56" hits="0"></line>
					</lines>
				</class>
			</classes>
		</package>
		<package name="github.com/spetix/otplet/cmd/subcommands" line-rate="0" branch-rate="0" complexity="0">
			<classes>
				<class name="-" filename="github.com/spetix/otplet/cmd/subcommands/create.go" line-rate="0" branch-rate="0" complexity="0">
					<methods>
						<method name="NewCreateCommand" signature="" line-rate="0" branch-rate="0" complexity="0">
							<lines>
								<line number="10" hits="0"></line>
								<line number="11" hits="0"></line>
								<line number="12" hits="0"></line>
								<line number="13" hits="0"></line>
								<line number="14" hits="0"></line>
								<line number="15" hits="0"></line>
								<line number="16" hits="0"></line>
								<line number="17" hits="0"></line>
								<line number="18" hits="0"></line>
								<line number="19" hits="0"></line>
								<line number="20" hits="0"></line>
								<line number="21" hits="0"></line>
								<line number="22" hits="0"></line>
								<line number="23" hits="0"></line>
								<line number="24" hits="0"></line>
								<line number="25" hits="0"></line>
								<line number="26" hits="0"></line>
								<line number="27" hits="0"></line>
								<line number="31" hits="0"></line>
								<line number="32" hits="0"></line>
								<line number="33" hits="0"></line>
								<line number="34" hits="0"></line>
								<line number="35" hits="0"></line>
							</lines>
						</method>
					</methods>
					<lines>
						<line number="10" hits="0"></line>
						<line number="11" hits="0"></line>
						<line number="12" hits="0"></line>
						<line number="13" hits="0"></line>
						<line number="14" hits="0"></line>
						<line number="15" hits="0"></line>
						<line number="16" hits="0"></line>
						<line number="17" hits="0"></line>
						<line number="18" hits="0"></line>
						<line number="19" hits="0"></line>
						<line number="20" hits="0"></line>
						<line number="21" hits="0"></line>
						<line number="22" hits="0"></line>
						<line number="23" hits="0"></line>
						<line number="24" hits="0"></line>
						<line number="25" hits="0"></line>
						<line number="26" hits="0"></line>
						<line number="27" hits="0"></line>
						<line number="31" hits="0"></line>
						<line number="32" hits="0"></line>
						<line number="33" hits="0"></line>
						<line number="34" hits="0"></line>
						<line number="35" hits="0"></line>
					</lines>
				</class>
				<class name="-" filename="github.com/spetix/otplet/cmd/subcommands/lock.go" line-rate="0" branch-rate="0" complexity="0">
					<methods>
						<method name="NewLockCommand" signature="" line-rate="0" branch-rate="0" complexity="0">
							<lines>
								<line number="10" hits="0"></line>
								<line number="11" hits="0"></line>
								<line number="12" hits="0"></line>
								<line number="13" hits="0"></line>
								<line number="14" hits="0"></line>
								<line number="15" hits="0"></line>
								<line number="16" hits="0"></line>
								<line number="17" hits="0"></line>
								<line number="18" hits="0"></line>
								<line number="19" hits="0"></line>
								<line number="20" hits="0"></line>
								<line number="21" hits="0"></line>
								<line number="22" hits="0"></line>
								<line number="25" hits="0"></line>
								<line number="26" hits="0"></line>
								<line number="27" hits="0"></line>
								<line number="28" hits="0"></line>
							</lines>
						</method>
					</methods>
					<lines>
						<line number="10" hits="0"></line>
						<line number="11" hits="0"></line>
						<line number="12" hits="0"></line>
						<line number="13" hits="0"></line>
						<line number="14" hits="0"></line>
						<line number="15" hits="0"></line>
						<line number="16" hits="0"></line>
						<line number="17" hits="0"></line>
						<line number="18" hits="0"></line>
						<line number="19" hits="0"></line>
						<line number="20" hits="0"></line>
						<line number="21" hits="0"></line>
						<line number="22" hits="0"></line>
						<line number="25" hits="0"></line>
						<line number="26" hits="0"></line>
						<line number="27" hits="0"></line>
						<line number="28" hits="0"></line>
					</lines>
				</class>
				<class name="-" filename="github.com/spetix/otplet/cmd/subcommands/show.go" line-rate="0" branch-rate="0" complexity="0">
					<methods>
						<method name="NewShowCommand" signature="" line-rate="0" branch-rate="0" complexity="0">
							<lines>
								<line number="16" hits="0"></line>
								<line number="17" hits="0"></line>
								<line number="18" hits="0"></line>
								<line number="19" hits="0"></line>
								<line number="20" hits="0"></line>
								<line number="21" hits="0"></line>
								<line number="22" hits="0"></line>
								<line number="23" hits="0"></line>
								<line number="24" hits="0"></line>
								<line number="25" hits="0"></line>
								<line number="26" hits="0"></line>
								<line number="27" hits="0"></line>
								<line number="28" hits="0"></line>
								<line number="29" hits="0"></line>
								<line number="30" hits="0"></line>
								<line number="31" hits="0"></line>
								<line number="32" hits="0"></line>
								<line number="33" hits="0"></line>
								<line number="34" hits="0"></line>
								<line number="35" hits="0"></line>
								<line number="36" hits="0"></line>
								<line number="37" hits="0"></line>
								<line number="39" hits="0"></line>
								<line number="40" hits="0"></line>
								<line number="41" hits="0"></line>
								<line number="42" hits="0"></line>
								<line number="43" hits="0"></line>
								<line number="44" hits="0"></line>
								<line number="45" hits="0"></line>
								<line number="46" hits="0"></line>
								<line number="47" hits="0"></line>
								<line number="51" hits="0"></line>
								<line number="52" hits="0"></line>
								<line number="53" hits="0"></line>
								<line number="54" hits="0"></line>
								<line number="55" hits="0"></line>
								<line number="56" hits="0"></line>
								<line number="57" hits="0"></line>
								<line number="58" hits="0"></line>
								<line number="59" hits="0"></line>
								<line number="60" hits="0"></line>
								<line number="61" hits="0"></line>
								<line number="62" hits="0"></line>
								<line number="63" hits="0"></line>
								<line number="64" hits="0"></line>
								<line number="65" hits="0"></line>
								<line number="66" hits="0"></line>
								<line number="67" hits="0"></line>
								<line number="68" hits="0"></line>
								<line number="69" hits="0"></line>
								<line number="70" hits="0"></line>
								<line number="71" hits="0"></line>
								<line number="72" hits="0"></line>
								<line number="73" hits="0"></line>
							</lines>
						</method>
					</methods>
					<lines>
						<line number="16" hits="0"></line>
						<line number="17" hits="0"></line>
						<line number="18" hits="0"></line>
						<line number="19" hits="0"></line>
						<line number="20" hits="0"></line>
						<line number="21" hits="0"></line>
						<line number="22" hits="0"></line>
						<line number="23" hits="0"></line>
						<line number="24" hits="0"></line>
						<line number="25" hits="0"></line>
						<line number="26" hits="0"></line>
						<line number="27" hits="0"></line>
						<line number="28" hits="0"></line>
						<line number="29" hits="0"></line>
						<line number="30" hits="0"></line>
						<line number="31" hits="0"></line>
						<line number="32" hits="0"></line>
						<line number="33" hits="0"></line>
						<line number="34" hits="0"></line>
						<line number="35" hits="0"></line>
						<line number="36" hits="0"></line>
						<line number="37" hits="0"></line>
						<line number="39" hits="0"></line>
						<line number="40" hits="0"></line>
						<line number="41" hits="0"></line>
						<line number="42" hits="0"></line>
						<line number="43" hits="0"></line>
						<line number="44" hits="0"></line>
						<line number="45" hits="0"></line>
						<line number="46" hits="0"></line>
						<line number="47" hits="0"></line>
						<line number="51" hits="0"></line>
						<line number="52" hits="0"></line>
						<line number="53" hits="0"></line>
						<line number="54" hits="0"></line>
						<line number="55" hits="0"></line>
						<line number="56" hits="0"></line>
						<line number="57" hits="0"></line>
						<line number="58" hits="0"></line>
						<line number="59" hits="0"></line>
						<line number="60" hits="0"></line>
						<line number="61" hits="0"></line>
						<line number="62" hits="0"></line>
						<line number="63" hits="0"></line>
						<line number="64" hits="0"></line>
						<line number="65" hits="0"></line>
						<line number="66" hits="0"></line>
						<line number="67" hits="0"></line>
						<line number="68" hits="0"></line>
						<line number="69" hits="0"></line>
						<line number="70" hits="0"></line>
						<line number="71" hits="0"></line>
						<line number="72" hits="0"></line>
						<line number="73" hits="0"></line>
					</lines>
				</class>
				<class name="-" filename="github.com/spetix/otplet/cmd/subcommands/unlock.go" line-rate="0" branch-rate="0" complexity="0">
					<methods>
						<method name="NewUnlockCommand" signature="" line-rate="0" branch-rate="0" complexity="0">
							<lines>
								<line number="11" hits="0"></line>
								<line number="12" hits="0"></line>
								<line number="13" hits="0"></line>
								<line number="14" hits="0"></line>
								<line number="15" hits="0"></line>
								<line number="16" hits="0"></line>
								<line number="17" hits="0"></line>
								<line number="18" hits="0"></line>
								<line number="19" hits="0"></line>
								<line number="20" hits="0"></line>
								<line number="21" hits="0"></line>
								<line number="22" hits="0"></line>
								<line number="25" hits="0"></line>
								<line number="26" hits="0"></line>
								<line number="27" hits="0"></line>
							</lines>
						</method>
					</methods>
					<lines>
						<line number="11" hits="0"></line>
						<line number="12" hits="0"></line>
						<line number="13" hits="0"></line>
						<line number="14" hits="0"></line>
						<line number="15" hits="0"></line>
						<line number="16" hits="0"></line>
						<line number="17" hits="0"></line>
						<line number="18" hits="0"></line>
						<line number="19" hits="0"></line>
						<line number="20" hits="0"></line>
						<line number="21" hits="0"></line>
						<line number="22" hits="0"></line>
						<line number="25" hits="0"></line>
						<line number="26" hits="0"></line>
						<line number="27" hits="0"></line>
					</lines>
				</class>
			</classes>
		</package>
		<package name="github.com/spetix/otplet/internal/events" line-rate="0" branch-rate="0" complexity="0">
			<classes>
				<class name="ClickManager" filename="github.com/spetix/otplet/internal/events/clicks.go" line-rate="0" branch-rate="0" complexity="0">
					<methods>
						<method name="HandleClickEvents" signature="" line-rate="0" branch-rate="0" complexity="0">
							<lines>
								<line number="13" hits="0"></line>
								<line number="14" hits="0"></line>
								<line number="15" hits="0"></line>
								<line number="16" hits="0"></line>
								<line number="17" hits="0"></line>
								<line number="18" hits="0"></line>
								<line number="19" hits="0"></line>
								<line number="20" hits="0"></line>
								<line number="21" hits="0"></line>
								<line number="23" hits="0"></line>
							</lines>
						</method>
					</methods>
					<lines>
						<line number="13" hits="0"></line>
						<line number="14" hits="0"></line>
						<line number="15" hits="0"></line>
						<line number="16" hits="0"></line>
						<line number="17" hits="0"></line>
						<line number="18" hits="0"></line>
						<line number="19" hits="0"></line>
						<line number="20" hits="0"></line>
						<line number="21" hits="0"></line>
						<line number="23" hits="0"></line>
					</lines>
				</class>
				<class name="-" filename="github.com/spetix/otplet/internal/events/clicks.go" line-rate="0" branch-rate="0" complexity="0">
					<methods>
						<method name="triggerGPGPopup" signature="" line-rate="0" branch-rate="0" complexity="0">
							<lines>
								<line number="26" hits="0"></line>
								<line number="27" hits="0"></line>
								<line number="28" hits="0"></line>
								<line number="29" hits="0"></line>
								<line number="30" hits="0"></line>
								<line number="31" hits="0"></line>
								<line number="32" hits="0"></line>
								<line number="33" hits="0"></line>
								<line number="34" hits="0"></line>
								<line number="35" hits="0"></line>
								<line number="36" hits="0"></line>
								<line number="37" hits="0"></line>
								<line number="38" hits="0"></line>
								<line number="39" hits="0"></line>
								<line number="40" hits="0"></line>
								<line number="41" hits="0"></line>
								<line number="42" hits="0"></line>
								<line number="43" hits="0"></line>
								<line number="44" hits="0"></line>
								<line number="45" hits="0"></line>
								<line number="46" hits="0"></line>
								<line number="47" hits="0"></line>
								<line number="48" hits="0"></line>
								<line number="49" hits="0"></line>
								<line number="50" hits="0"></line>
								<line number="51" hits="0"></line>
								<line number="52" hits="0"></line>
								<line number="53" hits="0"></line>
								<line number="54" hits="0"></line>
								<line number="55" hits="0"></line>
								<line number="56" hits="0"></line>
								<line number="57" hits="0"></line>
								<line number="58" hits="0"></line>
								<line number="59" hits="0"></line>
								<line number="60" hits="0"></line>
								<line number="61" hits="0"></line>
								<line number="62" hits="0"></line>
								<line number="65" hits="0"></line>
								<line number="66" hits="0"></line>
								<line number="67" hits="0"></line>
								<line number="68" hits="0"></line>
								<line number="69" hits="0"></line>
								<line number="70" hits="0"></line>
								<line number="71" hits="0"></line>
								<line number="72" hits="0"></line>
								<line number="73" hits="0"></line>
							</lines>
						</method>
					</methods>
					<lines>
						<line number="26" hits="0"></line>
						<line number="27" hits="0"></line>
						<line number="28" hits="0"></line>
						<line number="29" hits="0"></line>
						<line number="30" hits="0"></line>
						<line number="31" hits="0"></line>
						<line number="32" hits="0"></line>
						<line number="33" hits="0"></line>
						<line number="34" hits="0"></line>
						<line number="35" hits="0"></line>
						<line number="36" hits="0"></line>
						<line number="37" hits="0"></line>
						<line number="38" hits="0"></line>
						<line number="39" hits="0"></line>
						<line number="40" hits="0"></line>
						<line number="41" hits="0"></line>
						<line number="42" hits="0"></line>
						<line number="43" hits="0"></line>
						<line number="44" hits="0"></line>
						<line number="45" hits="0"></line>
						<line number="46" hits="0"></line>
						<line number="47" hits="0"></line>
						<line number="48" hits="0"></line>
						<line number="49" hits="0"></line>
						<line number="50" hits="0"></line>
						<line number="51" hits="0"></line>
						<line number="52" hits="0"></line>
						<line number="53" hits="0"></line>
						<line number="54" hits="0"></line>
						<line number="55" hits="0"></line>
						<line number="56" hits="0"></line>
						<line number="57" hits="0"></line>
						<line number="58" hits="0"></line>
						<line number="59" hits="0"></line>
						<line number="60" hits="0"></line>
						<line number="61" hits="0"></line>
						<line number="62" hits="0"></line>
						<line number="65" hits="0"></line>
						<line number="66" hits="0"></line>
						<line number="67" hits="0"></line>
						<line number="68" hits="0"></line>
						<line number="69" hits="0"></line>
						<line number="70" hits="0"></line>
						<line number="71" hits="0"></line>
						<line number="72" hits="0"></line>
						<line number="73" hits="0"></line>
					</lines>
				</class>
			</classes>
		</package>
		<package name="github.com/spetix/otplet/internal/logger" line-rate="0" branch-rate="0" complexity="0">
			<classes>
				<class name="-" filename="github.com/spetix/otplet/internal/logger/setuplogger.go" line-rate="0" branch-rate="0" complexity="0">
					<methods>
						<method name="SetupLogger" signature="" line-rate="0" branch-rate="0" complexity="0">
							<lines>
								<line number="14" hits="0"></line>
								<line number="15" hits="0"></line>
								<line number="16" hits="0"></line>
								<line number="17" hits="0"></line>
								<line number="18" hits="0"></line>
								<line number="19" hits="0"></line>
								<line number="20" hits="0"></line>
								<line number="21" hits="0"></line>
								<line number="22" hits="0"></line>
								<line number="23" hits="0"></line>
								<line number="27" hits="0"></line>
								<line number="28" hits="0"></line>
								<line number="29" hits="0"></line>
								<line number="30" hits="0"></line>
								<line number="31" hits="0"></line>
								<line number="32" hits="0"></line>
								<line number="33" hits="0"></line>
								<line number="34" hits="0"></line>
								<line number="35" hits="0"></line>
								<line number="36" hits="0"></line>
								<line number="40" hits="0"></line>
								<line number="41" hits="0"></line>
								<line number="42" hits="0"></line>
								<line number="43" hits="0"></line>
								<line number="44" hits="0"></line>
								<line number="45" hits="0"></line>
								<line number="46" hits="0"></line>
								<line number="47" hits="0"></line>
								<line number="48" hits="0"></line>
								<line number="49" hits="0"></line>
								<line number="50" hits="0"></line>
								<line number="51" hits="0"></line>
								<line number="55" hits="0"></line>
								<line number="56" hits="0"></line>
								<line number="57" hits="0"></line>
								<line number="58" hits="0"></line>
								<line number="59" hits="0"></line>
								<line number="60" hits="0"></line>
								<line number="61" hits="0"></line>
							</lines>
						</method>
					</methods>
					<lines>
						<line number="14" hits="0"></line>
						<line number="15" hits="0"></line>
						<line number="16" hits="0"></line>
						<line number="17" hits="0"></line>
						<line number="18" hits="0"></line>
						<line number="19" hits="0"></line>
						<line number="20" hits="0"></line>
						<line number="21" hits="0"></line>
						<line number="22" hits="0"></line>
						<line number="23" hits="0"></line>
						<line number="27" hits="0"></line>
						<line number="28" hits="0"></line>
						<line number="29" hits="0"></line>
						<line number="30" hits="0"></line>
						<line number="31" hits="0"></line>
						<line number="32" hits="0"></line>
						<line number="33" hits="0"></line>
						<line number="34" hits="0"></line>
						<line number="35" hits="0"></line>
						<line number="36" hits="0"></line>
						<line number="40" hits="0"></line>
						<line number="41" hits="0"></line>
						<line number="42" hits="0"></line>
						<line number="43" hits="0"></line>
						<line number="44" hits="0"></line>
						<line number="45" hits="0"></line>
						<line number="46" hits="0"></line>
						<line number="47" hits="0"></line>
						<line number="48" hits="0"></line>
						<line number="49" hits="0"></line>
						<line number="50" hits="0"></line>
						<line number="51" hits="0"></line>
						<line number="55" hits="0"></line>
						<line number="56" hits="0"></line>
						<line number="57" hits="0"></line>
						<line number="58" hits="0"></line>
						<line number="59" hits="0"></line>
						<line number="60" hits="0"></line>
						<line number="61" hits="0"></line>
					</lines>
				</class>
			</classes>
		</package>
		<package name="github.com/spetix/otplet/internal/onetimepass" line-rate="1" branch-rate="0" complexity="0">
			<classes>
				<class name="PassCode" filename="github.com/spetix/otplet/internal/onetimepass/totp.go" line-rate="1" branch-rate="0" complexity="0">
					<methods>
						<method name="IsValid" signature="" line-rate="1" branch-rate="0" complexity="0">
							<lines>
								<line number="16" hits="1"></line>
								<line number="17" hits="1"></line>
								<line number="18" hits="1"></line>
							</lines>
						</method>
					</methods>
					<lines>
						<line number="16" hits="1"></line>
						<line number="17" hits="1"></line>
						<line number="18" hits="1"></line>
					</lines>
				</class>
			</classes>
		</package>
		<package name="github.com/spetix/otplet/internal/provider" line-rate="0.6923077" branch-rate="0" complexity="0">
			<classes>
				<class name="-" filename="github.com/spetix/otplet/internal/provider/otp_provider.go" line-rate="0.8636364" branch-rate="0" complexity="0">
					<methods>
						<method name="NewDummyProvider" signature="" line-rate="0" branch-rate="0" complexity="0">
							<lines>
								<line number="20" hits="0"></line>
								<line number="21" hits="0"></line>
								<line number="22" hits="0"></line>
							</lines>
						</method>
						<method name="NewOtpProvider" signature="" line-rate="1" branch-rate="0" complexity="0">
							<lines>
								<line number="44" hits="1"></line>
								<line number="45" hits="1"></line>
								<line number="46" hits="1"></line>
								<line number="47" hits="1"></line>
								<line number="48" hits="1"></line>
								<line number="49" hits="1"></line>
								<line number="50" hits="1"></line>
								<line number="51" hits="1"></line>
								<line number="52" hits="1"></line>
								<line number="53" hits="1"></line>
								<line number="54" hits="1"></line>
								<line number="55" hits="1"></line>
								<line number="56" hits="1"></line>
								<line number="57" hits="1"></line>
							</lines>
						</method>
						<method name="getTime" signature="" line-rate="1" branch-rate="0" complexity="0">
							<lines>
								<line number="99" hits="1"></line>
								<line number="100" hits="1"></line>
								<line number="101" hits="1"></line>
								<line number="102" hits="1"></line>
								<line number="103" hits="1"></line>
							</lines>
						</method>
					</methods>
					<lines>
						<line number="20" hits="0"></line>
						<line number="21" hits="0"></line>
						<line number="22" hits="0"></line>
						<line number="44" hits="1"></line>
						<line number="45" hits="1"></line>
						<line number="46" hits="1"></line>
						<line number="47" hits="1"></line>
						<line number="48" hits="1"></line>
						<line number="49" hits="1"></line>
						<line number="50" hits="1"></line>
						<line number="51" hits="1"></line>
						<line number="52" hits="1"></line>
						<line number="53" hits="1"></line>
						<line number="54" hits="1"></line>
						<line number="55" hits="1"></line>
						<line number="56" hits="1"></line>
						<line number="57" hits="1"></line>
						<line number="99" hits="1"></line>
						<line number="100" hits="1"></line>
						<line number="101" hits="1"></line>
						<line number="102" hits="1"></line>
						<line number="103" hits="1"></line>
					</lines>
				</class>
				<class name="dummyOtpProvider" filename="github.com/spetix/otplet/internal/provider/otp_provider.go" line-rate="0" branch-rate="0" complexity="0">
					<methods>
						<method name="GetCode" signature="" line-rate="0" branch-rate="0" complexity="0">
							<lines>
								<line number="24" hits="0"></line>
								<line number="25" hits="0"></line>
								<line number="26" hits="0"></line>
								<line number="27" hits="0"></line>
								<line number="28" hits="0"></line>
								<line number="29" hits="0"></line>
								<line number="30" hits="0"></line>
								<line number="31" hits="0"></line>
							</lines>
						</method>
						<method name="Secret" signature="" line-rate="0" branch-rate="0" complexity="0">
							<lines>
								<line number="33" hits="0"></line>
								<line number="34" hits="0"></line>
								<line number="35" hits="0"></line>
							</lines>
						</method>
					</methods>
					<lines>
						<line number="24" hits="0"></line>
						<line number="25" hits="0"></line>
						<line number="26" hits="0"></line>
						<line number="27" hits="0"></line>
						<line number="28" hits="0"></line>
						<line number="29" hits="0"></line>
						<line number="30" hits="0"></line>
						<line number="31" hits="0"></line>
						<line number="33" hits="0"></line>
						<line number="34" hits="0"></line>
						<line number="35" hits="0"></line>
					</lines>
				</class>
				<class name="otpProvider" filename="github.com/spetix/otplet/internal/provider/otp_provider.go" line-rate="0.8125" branch-rate="0" complexity="0">
					<methods>
						<method name="otpCode" signature="" line-rate="1" branch-rate="0" complexity="0">
							<lines>
								<line number="59" hits="1"></line>
								<line number="60" hits="1"></line>
								<line number="61" hits="1"></line>
								<line number="62" hits="1"></line>
								<line number="63" hits="1"></line>
								<line number="64" hits="1"></line>
								<line number="65" hits="1"></line>
								<line number="66" hits="1"></line>
								<line number="67" hits="1"></line>
								<line number="68" hits="1"></line>
								<line number="69" hits="1"></line>
								<line number="70" hits="1"></line>
								<line number="71" hits="1"></line>
								<line number="72" hits="1"></line>
								<line number="73" hits="1"></line>
								<line number="74" hits="1"></line>
								<line number="75" hits="1"></line>
								<line number="76" hits="1"></line>
							</lines>
						</method>
						<method name="start" signature="" line-rate="0.625" branch-rate="0" complexity="0">
							<lines>
								<line number="78" hits="1"></line>
								<line number="79" hits="1"></line>
								<line number="80" hits="1"></line>
								<line number="81" hits="1"></line>
								<line number="82" hits="1"></line>
								<line number="83" hits="0"></line>
								<line number="84" hits="0"></line>
								<line number="85" hits="0"></line>
							</lines>
						</method>
						<method name="GetCode" signature="" line-rate="1" branch-rate="0" complexity="0">
							<lines>
								<line number="89" hits="1"></line>
								<line number="90" hits="1"></line>
								<line number="91" hits="1"></line>
							</lines>
						</method>
						<method name="Secret" signature="" line-rate="0" branch-rate="0" complexity="0">
							<lines>
								<line number="93" hits="0"></line>
								<line number="94" hits="0"></line>
								<line number="95" hits="0"></line>
							</lines>
						</method>
					</methods>
					<lines>
						<line number="59" hits="1"></line>
						<line number="60" hits="1"></line>
						<line number="61" hits="1"></line>
						<line number="62" hits="1"></line>
						<line number="63" hits="1"></line>
						<line number="64" hits="1"></line>
						<line number="65" hits="1"></line>
						<line number="66" hits="1"></line>
						<line number="67" hits="1"></line>
						<line number="68" hits="1"></line>
						<line number="69" hits="1"></line>
						<line number="70" hits="1"></line>
						<line number="71" hits="1"></line>
						<line number="72" hits="1"></line>
						<line number="73" hits="1"></line>
						<line number="74" hits="1"></line>
						<line number="75" hits="1"></line>
						<line number="76" hits="1"></line>
						<line number="78" hits="1"></line>
						<line number="79" hits="1"></line>
						<line number="80" hits="1"></line>
						<line number="81" hits="1"></line>
						<line number="82" hits="1"></line>
						<line number="83" hits="0"></line>
						<line number="84" hits="0"></line>
						<line number="85" hits="0"></line>
						<line number="89" hits="1"></line>
						<line number="90" hits="1"></line>
						<line number="91" hits="1"></line>
						<line number="93" hits="0"></line>
						<line number="94" hits="0"></line>
						<line number="95" hits="0"></line>
					</lines>
				</class>
			</classes>
		</package>
		<package name="github.com/spetix/otplet/internal/render" line-rate="0.45454547" branch-rate="0" complexity="0">
			<classes>
				<class name="OtpData" filename="github.com/spetix/otplet/internal/render/data.go" line-rate="0.36842105" branch-rate="0" complexity="0">
					<methods>
						<method name="Short" signature="" line-rate="0.6666667" branch-rate="0" complexity="0">
							<lines>
								<line number="26" hits="1"></line>
								<line number="27" hits="1"></line>
								<line number="28" hits="1"></line>
								<line number="29" hits="1"></line>
								<line number="30" hits="1"></line>
								<line number="31" hits="0"></line>
								<line number="32" hits="0"></line>
								<line number="33" hits="0"></line>
								<line number="34" hits="1"></line>
							</lines>
						</method>
						<method name="Long" signature="" line-rate="0.6666667" branch-rate="0" complexity="0">
							<lines>
								<line number="39" hits="1"></line>
								<line number="40" hits="1"></line>
								<line number="41" hits="1"></line>
								<line number="42" hits="1"></line>
								<line number="43" hits="1"></line>
								<line number="44" hits="0"></line>
								<line number="45" hits="0"></line>
								<line number="46" hits="0"></line>
								<line number="48" hits="1"></line>
								<line number="49" hits="1"></line>
								<line number="50" hits="1"></line>
								<line number="52" hits="0"></line>
							</lines>
						</method>
						<method name="BackgroundColor" signature="" line-rate="0" branch-rate="0" complexity="0">
							<lines>
								<line number="55" hits="0"></line>
								<line number="56" hits="0"></line>
								<line number="57" hits="0"></line>
							</lines>
						</method>
						<method name="ForegroundColor" signature="" line-rate="0" branch-rate="0" complexity="0">
							<lines>
								<line number="59" hits="0"></line>
								<line number="60" hits="0"></line>
								<line number="61" hits="0"></line>
							</lines>
						</method>
						<method name="Label" signature="" line-rate="0" branch-rate="0" complexity="0">
							<lines>
								<line number="63" hits="0"></line>
								<line number="64" hits="0"></line>
								<line number="65" hits="0"></line>
							</lines>
						</method>
						<method name="OnClick" signature="" line-rate="0" branch-rate="0" complexity="0">
							<lines>
								<line number="69" hits="0"></line>
								<line number="70" hits="0"></line>
								<line number="71" hits="0"></line>
								<line number="72" hits="0"></line>
							</lines>
						</method>
						<method name="OnRightClick" signature="" line-rate="0" branch-rate="0" complexity="0">
							<lines>
								<line number="76" hits="0"></line>
								<line number="77" hits="0"></line>
								<line number="78" hits="0"></line>
								<line number="79" hits="0"></line>
							</lines>
						</method>
					</methods>
					<lines>
						<line number="26" hits="1"></line>
						<line number="27" hits="1"></line>
						<line number="28" hits="1"></line>
						<line number="29" hits="1"></line>
						<line number="30" hits="1"></line>
						<line number="31" hits="0"></line>
						<line number="32" hits="0"></line>
						<line number="33" hits="0"></line>
						<line number="34" hits="1"></line>
						<line number="39" hits="1"></line>
						<line number="40" hits="1"></line>
						<line number="41" hits="1"></line>
						<line number="42" hits="1"></line>
						<line number="43" hits="1"></line>
						<line number="44" hits="0"></line>
						<line number="45" hits="0"></line>
						<line number="46" hits="0"></line>
						<line number="48" hits="1"></line>
						<line number="49" hits="1"></line>
						<line number="50" hits="1"></line>
						<line number="52" hits="0"></line>
						<line number="55" hits="0"></line>
						<line number="56" hits="0"></line>
						<line number="57" hits="0"></line>
						<line number="59" hits="0"></line>
						<line number="60" hits="0"></line>
						<line number="61" hits="0"></line>
						<line number="63" hits="0"></line>
						<line number="64" hits="0"></line>
						<line number="65" hits="0"></line>
						<line number="69" hits="0"></line>
						<line number="70" hits="0"></line>
						<line number="71" hits="0"></line>
						<line number="72" hits="0"></line>
						<line number="76" hits="0"></line>
						<line number="77" hits="0"></line>
						<line number="78" hits="0"></line>
						<line number="79" hits="0"></line>
					</lines>
				</class>
				<class name="-" filename="github.com/spetix/otplet/internal/render/data.go" line-rate="1" branch-rate="0" complexity="0">
					<methods>
						<method name="OtpDataNew" signature="" line-rate="1" branch-rate="0" complexity="0">
							<lines>
								<line number="83" hits="1"></line>
								<line number="84" hits="1"></line>
								<line number="85" hits="1"></line>
								<line number="86" hits="1"></line>
								<line number="87" hits="1"></line>
								<line number="88" hits="1"></line>
							</lines>
						</method>
					</methods>
					<lines>
						<line number="83" hits="1"></line>
						<line number="84" hits="1"></line>
						<line number="85" hits="1"></line>
						<line number="86" hits="1"></line>
						<line number="87" hits="1"></line>
						<line number="88" hits="1"></line>
					</lines>
				</class>
			</classes>
		</package>
		<package name="github.com/spetix/otplet/internal/secretmanager" line-rate="0.41463414" branch-rate="0" complexity="0">
			<classes>
				<class name="-" filename="github.com/spetix/otplet/internal/secretmanager/secretmanager.go" line-rate="0.41463414" branch-rate="0" complexity="0">
					<methods>
						<method name="expandPath" signature="" line-rate="0.25" branch-rate="0" complexity="0">
							<lines>
								<line number="18" hits="1"></line>
								<line number="19" hits="0"></line>
								<line number="20" hits="0"></line>
								<line number="21" hits="0"></line>
								<line number="22" hits="0"></line>
								<line number="23" hits="0"></line>
								<line number="24" hits="0"></line>
								<line number="26" hits="1"></line>
							</lines>
						</method>
						<method name="looksLikePGPMessage" signature="" line-rate="0" branch-rate="0" complexity="0">
							<lines>
								<line number="29" hits="0"></line>
								<line number="30" hits="0"></line>
								<line number="31" hits="0"></line>
							</lines>
						</method>
						<method name="decryptIfNeeded" signature="" line-rate="0.7692308" branch-rate="0" complexity="0">
							<lines>
								<line number="33" hits="1"></line>
								<line number="34" hits="1"></line>
								<line number="35" hits="1"></line>
								<line number="36" hits="1"></line>
								<line number="37" hits="1"></line>
								<line number="38" hits="1"></line>
								<line number="39" hits="1"></line>
								<line number="40" hits="1"></line>
								<line number="41" hits="1"></line>
								<line number="42" hits="0"></line>
								<line number="43" hits="0"></line>
								<line number="44" hits="0"></line>
								<line number="46" hits="1"></line>
							</lines>
						</method>
						<method name="encryptData" signature="" line-rate="0.72727275" branch-rate="0" complexity="0">
							<lines>
								<line number="49" hits="1"></line>
								<line number="50" hits="0"></line>
								<line number="51" hits="0"></line>
								<line number="52" hits="0"></line>
								<line number="55" hits="1"></line>
								<line number="56" hits="1"></line>
								<line number="57" hits="1"></line>
								<line number="58" hits="1"></line>
								<line number="59" hits="1"></line>
								<line number="60" hits="1"></line>
								<line number="61" hits="1"></line>
								<line number="62" hits="1"></line>
								<line number="63" hits="1"></line>
								<line number="64" hits="1"></line>
								<line number="65" hits="1"></line>
								<line number="66" hits="1"></line>
								<line number="67" hits="1"></line>
								<line number="68" hits="1"></line>
								<line number="69" hits="0"></line>
								<line number="70" hits="0"></line>
								<line number="71" hits="0"></line>
								<line number="73" hits="1"></line>
							</lines>
						</method>
						<method name="LoadTokenFromFile" signature="" line-rate="0.3" branch-rate="0" complexity="0">
							<lines>
								<line number="77" hits="1"></line>
								<line number="78" hits="1"></line>
								<line number="79" hits="0"></line>
								<line number="80" hits="0"></line>
								<line number="81" hits="0"></line>
								<line number="83" hits="1"></line>
								<line number="84" hits="0"></line>
								<line number="85" hits="0"></line>
								<line number="86" hits="0"></line>
								<line number="88" hits="1"></line>
								<line number="89" hits="0"></line>
								<line number="90" hits="0"></line>
								<line number="91" hits="0"></line>
								<line number="92" hits="0"></line>
								<line number="93" hits="0"></line>
								<line number="95" hits="1"></line>
								<line number="96" hits="0"></line>
								<line number="97" hits="0"></line>
								<line number="98" hits="0"></line>
								<line number="100" hits="1"></line>
								<line number="101" hits="0"></line>
								<line number="102" hits="0"></line>
								<line number="103" hits="0"></line>
								<line number="105" hits="0"></line>
								<line number="106" hits="0"></line>
								<line number="107" hits="0"></line>
								<line number="108" hits="0"></line>
								<line number="109" hits="1"></line>
								<line number="110" hits="1"></line>
								<line number="111" hits="1"></line>
							</lines>
						</method>
						<method name="SaveGenerator" signature="" line-rate="0.29787233" branch-rate="0" complexity="0">
							<lines>
								<line number="114" hits="1"></line>
								<line number="115" hits="0"></line>
								<line number="116" hits="0"></line>
								<line number="117" hits="0"></line>
								<line number="118" hits="1"></line>
								<line number="119" hits="1"></line>
								<line number="120" hits="1"></line>
								<line number="121" hits="1"></line>
								<line number="122" hits="1"></line>
								<line number="123" hits="0"></line>
								<line number="124" hits="0"></line>
								<line number="125" hits="0"></line>
								<line number="126" hits="1"></line>
								<line number="127" hits="0"></line>
								<line number="128" hits="0"></line>
								<line number="129" hits="0"></line>
								<line number="131" hits="1"></line>
								<line number="132" hits="1"></line>
								<line number="133" hits="0"></line>
								<line number="134" hits="0"></line>
								<line number="135" hits="0"></line>
								<line number="136" hits="1"></line>
								<line number="137" hits="0"></line>
								<line number="138" hits="0"></line>
								<line number="139" hits="0"></line>
								<line number="140" hits="0"></line>
								<line number="141" hits="0"></line>
								<line number="142" hits="0"></line>
								<line number="143" hits="1"></line>
								<line number="144" hits="1"></line>
								<line number="145" hits="1"></line>
								<line number="146" hits="1"></line>
								<line number="149" hits="0"></line>
								<line number="150" hits="0"></line>
								<line number="151" hits="0"></line>
								<line number="152" hits="0"></line>
								<line number="153" hits="0"></line>
								<line number="154" hits="0"></line>
								<line number="155" hits="0"></line>
								<line number="156" hits="0"></line>
								<line number="157" hits="0"></line>
								<line number="158" hits="0"></line>
								<line number="159" hits="0"></line>
								<line number="160" hits="0"></line>
								<line number="161" hits="0"></line>
								<line number="162" hits="0"></line>
								<line number="163" hits="0"></line>
							</lines>
						</method>
					</methods>
					<lines>
						<line number="18" hits="1"></line>
						<line number="19" hits="0"></line>
						<line number="20" hits="0"></line>
						<line number="21" hits="0"></line>
						<line number="22" hits="0"></line>
						<line number="23" hits="0"></line>
						<line number="24" hits="0"></line>
						<line number="26" hits="1"></line>
						<line number="29" hits="0"></line>
						<line number="30" hits="0"></line>
						<line number="31" hits="0"></line>
						<line number="33" hits="1"></line>
						<line number="34" hits="1"></line>
						<line number="35" hits="1"></line>
						<line number="36" hits="1"></line>
						<line number="37" hits="1"></line>
						<line number="38" hits="1"></line>
						<line number="39" hits="1"></line>
						<line number="40" hits="1"></line>
						<line number="41" hits="1"></line>
						<line number="42" hits="0"></line>
						<line number="43" hits="0"></line>
						<line number="44" hits="0"></line>
						<line number="46" hits="1"></line>
						<line number="49" hits="1"></line>
						<line number="50" hits="0"></line>
						<line number="51" hits="0"></line>
						<line number="52" hits="0"></line>
						<line number="55" hits="1"></line>
						<line number="56" hits="1"></line>
						<line number="57" hits="1"></line>
						<line number="58" hits="1"></line>
						<line number="59" hits="1"></line>
						<line number="60" hits="1"></line>
						<line number="61" hits="1"></line>
						<line number="62" hits="1"></line>
						<line number="63" hits="1"></line>
						<line number="64" hits="1"></line>
						<line number="65" hits="1"></line>
						<line number="66" hits="1"></line>
						<line number="67" hits="1"></line>
						<line number="68" hits="1"></line>
						<line number="69" hits="0"></line>
						<line number="70" hits="0"></line>
						<line number="71" hits="0"></line>
						<line number="73" hits="1"></line>
						<line number="77" hits="1"></line>
						<line number="78" hits="1"></line>
						<line number="79" hits="0"></line>
						<line number="80" hits="0"></line>
						<line number="81" hits="0"></line>
						<line number="83" hits="1"></line>
						<line number="84" hits="0"></line>
						<line number="85" hits="0"></line>
						<line number="86" hits="0"></line>
						<line number="88" hits="1"></line>
						<line number="89" hits="0"></line>
						<line number="90" hits="0"></line>
						<line number="91" hits="0"></line>
						<line number="92" hits="0"></line>
						<line number="93" hits="0"></line>
						<line number="95" hits="1"></line>
						<line number="96" hits="0"></line>
						<line number="97" hits="0"></line>
						<line number="98" hits="0"></line>
						<line number="100" hits="1"></line>
						<line number="101" hits="0"></line>
						<line number="102" hits="0"></line>
						<line number="103" hits="0"></line>
						<line number="105" hits="0"></line>
						<line number="106" hits="0"></line>
						<line number="107" hits="0"></line>
						<line number="108" hits="0"></line>
						<line number="109" hits="1"></line>
						<line number="110" hits="1"></line>
						<line number="111" hits="1"></line>
						<line number="114" hits="1"></line>
						<line number="115" hits="0"></line>
						<line number="116" hits="0"></line>
						<line number="117" hits="0"></line>
						<line number="118" hits="1"></line>
						<line number="119" hits="1"></line>
						<line number="120" hits="1"></line>
						<line number="121" hits="1"></line>
						<line number="122" hits="1"></line>
						<line number="123" hits="0"></line>
						<line number="124" hits="0"></line>
						<line number="125" hits="0"></line>
						<line number="126" hits="1"></line>
						<line number="127" hits="0"></line>
						<line number="128" hits="0"></line>
						<line number="129" hits="0"></line>
						<line number="131" hits="1"></line>
						<line number="132" hits="1"></line>
						<line number="133" hits="0"></line>
						<line number="134" hits="0"></line>
						<line number="135" hits="0"></line>
						<line number="136" hits="1"></line>
						<line number="137" hits="0"></line>
						<line number="138" hits="0"></line>
						<line number="139" hits="0"></line>
						<line number="140" hits="0"></line>
						<line number="141" hits="0"></line>
						<line number="142" hits="0"></line>
						<line number="143" hits="1"></line>
						<line number="144" hits="1"></line>
						<line number="145" hits="1"></line>
						<line number="146" hits="1"></line>
						<line number="149" hits="0"></line>
						<line number="150" hits="0"></line>
						<line number="151" hits="0"></line>
						<line number="152" hits="0"></line>
						<line number="153" hits="0"></line>
						<line number="154" hits="0"></line>
						<line number="155" hits="0"></line>
						<line number="156" hits="0"></line>
						<line number="157" hits="0"></line>
						<line number="158" hits="0"></line>
						<line number="159" hits="0"></line>
						<line number="160" hits="0"></line>
						<line number="161" hits="0"></line>
						<line number="162" hits="0"></line>
						<line number="163" hits="0"></line>
					</lines>
				</class>
			</classes>
		</package>
	</packages>
</coverage>
