<?xml version="1.0" encoding="UTF-8"?>
<!DOCTYPE coverage SYSTEM "http://cobertura.sourceforge.net/xml/coverage-04.dtd">
<coverage line-rate="0.7816092" branch-rate="0" version="" timestamp="1777849685047" lines-covered="68" lines-valid="87" branches-covered="0" branches-valid="0" complexity="0">
  <sources>
    <source>/home/runner/work/otplet/otplet</source>
  </sources>
  <packages>
    <package name="github.com/spetix/otplet/internal/onetimepass" line-rate="1" branch-rate="0" complexity="0">
      <classes>
        <class name="PassCode" filename="internal/onetimepass/totp.go" line-rate="1" branch-rate="0" complexity="0">
          <methods>
            <method name="IsValid" signature="" line-rate="1" branch-rate="0" complexity="0">
              <lines>
                <line number="16" hits="3"></line>
                <line number="17" hits="3"></line>
                <line number="18" hits="3"></line>
              </lines>
            </method>
          </methods>
          <lines>
            <line number="16" hits="3"></line>
            <line number="17" hits="3"></line>
            <line number="18" hits="3"></line>
          </lines>
        </class>
      </classes>
    </package>
    <package name="github.com/spetix/otplet/internal/provider" line-rate="0.9375" branch-rate="0" complexity="0">
      <classes>
        <class name="-" filename="internal/provider/otp_provider.go" line-rate="1" branch-rate="0" complexity="0">
          <methods>
            <method name="NewOtpProvider" signature="" line-rate="1" branch-rate="0" complexity="0">
              <lines>
                <line number="20" hits="1"></line>
                <line number="21" hits="1"></line>
                <line number="22" hits="1"></line>
                <line number="23" hits="1"></line>
                <line number="24" hits="1"></line>
                <line number="25" hits="1"></line>
                <line number="26" hits="1"></line>
                <line number="27" hits="1"></line>
                <line number="28" hits="1"></line>
                <line number="29" hits="1"></line>
                <line number="30" hits="1"></line>
                <line number="31" hits="1"></line>
                <line number="32" hits="1"></line>
                <line number="33" hits="1"></line>
              </lines>
            </method>
            <method name="getTime" signature="" line-rate="1" branch-rate="0" complexity="0">
              <lines>
                <line number="71" hits="2"></line>
                <line number="72" hits="2"></line>
                <line number="73" hits="2"></line>
                <line number="74" hits="2"></line>
                <line number="75" hits="2"></line>
              </lines>
            </method>
          </methods>
          <lines>
            <line number="20" hits="1"></line>
            <line number="21" hits="1"></line>
            <line number="22" hits="1"></line>
            <line number="23" hits="1"></line>
            <line number="24" hits="1"></line>
            <line number="25" hits="1"></line>
            <line number="26" hits="1"></line>
            <line number="27" hits="1"></line>
            <line number="28" hits="1"></line>
            <line number="29" hits="1"></line>
            <line number="30" hits="1"></line>
            <line number="31" hits="1"></line>
            <line number="32" hits="1"></line>
            <line number="33" hits="1"></line>
            <line number="71" hits="2"></line>
            <line number="72" hits="2"></line>
            <line number="73" hits="2"></line>
            <line number="74" hits="2"></line>
            <line number="75" hits="2"></line>
          </lines>
        </class>
        <class name="OtpProvider" filename="internal/provider/otp_provider.go" line-rate="0.8965517" branch-rate="0" complexity="0">
          <methods>
            <method name="otpCode" signature="" line-rate="1" branch-rate="0" complexity="0">
              <lines>
                <line number="35" hits="1"></line>
                <line number="36" hits="1"></line>
                <line number="37" hits="1"></line>
                <line number="38" hits="1"></line>
                <line number="39" hits="1"></line>
                <line number="40" hits="1"></line>
                <line number="41" hits="1"></line>
                <line number="42" hits="1"></line>
                <line number="43" hits="1"></line>
                <line number="44" hits="1"></line>
                <line number="45" hits="1"></line>
                <line number="46" hits="1"></line>
                <line number="47" hits="1"></line>
                <line number="48" hits="1"></line>
                <line number="49" hits="1"></line>
                <line number="50" hits="1"></line>
                <line number="51" hits="1"></line>
                <line number="52" hits="1"></line>
              </lines>
            </method>
            <method name="start" signature="" line-rate="0.625" branch-rate="0" complexity="0">
              <lines>
                <line number="54" hits="1"></line>
                <line number="55" hits="1"></line>
                <line number="56" hits="1"></line>
                <line number="57" hits="1"></line>
                <line number="58" hits="1"></line>
                <line number="59" hits="0"></line>
                <line number="60" hits="0"></line>
                <line number="61" hits="0"></line>
              </lines>
            </method>
            <method name="GetCode" signature="" line-rate="1" branch-rate="0" complexity="0">
              <lines>
                <line number="65" hits="1"></line>
                <line number="66" hits="1"></line>
                <line number="67" hits="1"></line>
              </lines>
            </method>
          </methods>
          <lines>
            <line number="35" hits="1"></line>
            <line number="36" hits="1"></line>
            <line number="37" hits="1"></line>
            <line number="38" hits="1"></line>
            <line number="39" hits="1"></line>
            <line number="40" hits="1"></line>
            <line number="41" hits="1"></line>
            <line number="42" hits="1"></line>
            <line number="43" hits="1"></line>
            <line number="44" hits="1"></line>
            <line number="45" hits="1"></line>
            <line number="46" hits="1"></line>
            <line number="47" hits="1"></line>
            <line number="48" hits="1"></line>
            <line number="49" hits="1"></line>
            <line number="50" hits="1"></line>
            <line number="51" hits="1"></line>
            <line number="52" hits="1"></line>
            <line number="54" hits="1"></line>
            <line number="55" hits="1"></line>
            <line number="56" hits="1"></line>
            <line number="57" hits="1"></line>
            <line number="58" hits="1"></line>
            <line number="59" hits="0"></line>
            <line number="60" hits="0"></line>
            <line number="61" hits="0"></line>
            <line number="65" hits="1"></line>
            <line number="66" hits="1"></line>
            <line number="67" hits="1"></line>
          </lines>
        </class>
      </classes>
    </package>
    <package name="github.com/spetix/otplet/internal/render" line-rate="0.5555556" branch-rate="0" complexity="0">
      <classes>
        <class name="OtpData" filename="internal/render/data.go" line-rate="0.46666667" branch-rate="0" complexity="0">
          <methods>
            <method name="Short" signature="" line-rate="0.6666667" branch-rate="0" complexity="0">
              <lines>
                <line number="26" hits="2"></line>
                <line number="27" hits="1"></line>
                <line number="28" hits="1"></line>
                <line number="29" hits="1"></line>
                <line number="30" hits="1"></line>
                <line number="31" hits="0"></line>
                <line number="32" hits="0"></line>
                <line number="33" hits="0"></line>
                <line number="34" hits="1"></line>
              </lines>
            </method>
            <method name="Long" signature="" line-rate="0.6666667" branch-rate="0" complexity="0">
              <lines>
                <line number="39" hits="2"></line>
                <line number="40" hits="1"></line>
                <line number="41" hits="1"></line>
                <line number="42" hits="1"></line>
                <line number="43" hits="1"></line>
                <line number="44" hits="0"></line>
                <line number="45" hits="0"></line>
                <line number="46" hits="0"></line>
                <line number="48" hits="1"></line>
                <line number="49" hits="1"></line>
                <line number="50" hits="1"></line>
                <line number="52" hits="0"></line>
              </lines>
            </method>
            <method name="BackgroundColor" signature="" line-rate="0" branch-rate="0" complexity="0">
              <lines>
                <line number="55" hits="0"></line>
                <line number="56" hits="0"></line>
                <line number="57" hits="0"></line>
              </lines>
            </method>
            <method name="ForegroundColor" signature="" line-rate="0" branch-rate="0" complexity="0">
              <lines>
                <line number="59" hits="0"></line>
                <line number="60" hits="0"></line>
                <line number="61" hits="0"></line>
              </lines>
            </method>
            <method name="Label" signature="" line-rate="0" branch-rate="0" complexity="0">
              <lines>
                <line number="63" hits="0"></line>
                <line number="64" hits="0"></line>
                <line number="65" hits="0"></line>
              </lines>
            </method>
          </methods>
          <lines>
            <line number="26" hits="2"></line>
            <line number="27" hits="1"></line>
            <line number="28" hits="1"></line>
            <line number="29" hits="1"></line>
            <line number="30" hits="1"></line>
            <line number="31" hits="0"></line>
            <line number="32" hits="0"></line>
            <line number="33" hits="0"></line>
            <line number="34" hits="1"></line>
            <line number="39" hits="2"></line>
            <line number="40" hits="1"></line>
            <line number="41" hits="1"></line>
            <line number="42" hits="1"></line>
            <line number="43" hits="1"></line>
            <line number="44" hits="0"></line>
            <line number="45" hits="0"></line>
            <line number="46" hits="0"></line>
            <line number="48" hits="1"></line>
            <line number="49" hits="1"></line>
            <line number="50" hits="1"></line>
            <line number="52" hits="0"></line>
            <line number="55" hits="0"></line>
            <line number="56" hits="0"></line>
            <line number="57" hits="0"></line>
            <line number="59" hits="0"></line>
            <line number="60" hits="0"></line>
            <line number="61" hits="0"></line>
            <line number="63" hits="0"></line>
            <line number="64" hits="0"></line>
            <line number="65" hits="0"></line>
          </lines>
        </class>
        <class name="-" filename="internal/render/data.go" line-rate="1" branch-rate="0" complexity="0">
          <methods>
            <method name="OtpDataNew" signature="" line-rate="1" branch-rate="0" complexity="0">
              <lines>
                <line number="69" hits="2"></line>
                <line number="70" hits="2"></line>
                <line number="71" hits="2"></line>
                <line number="72" hits="2"></line>
                <line number="73" hits="2"></line>
                <line number="74" hits="2"></line>
              </lines>
            </method>
          </methods>
          <lines>
            <line number="69" hits="2"></line>
            <line number="70" hits="2"></line>
            <line number="71" hits="2"></line>
            <line number="72" hits="2"></line>
            <line number="73" hits="2"></line>
            <line number="74" hits="2"></line>
          </lines>
        </class>
      </classes>
    </package>
  </packages>
</coverage>
