mode: set
github.com/spetix/otplet/internal/onetimepass/totp.go:16.34,18.2 1 1
github.com/spetix/otplet/cmd/subcommands/create.go:10.40,17.55 3 0
github.com/spetix/otplet/cmd/subcommands/create.go:17.55,22.18 5 0
github.com/spetix/otplet/cmd/subcommands/create.go:22.18,25.5 2 0
github.com/spetix/otplet/cmd/subcommands/create.go:26.4,27.14 2 0
github.com/spetix/otplet/cmd/subcommands/create.go:31.2,35.15 5 0
github.com/spetix/otplet/cmd/subcommands/lock.go:10.38,16.48 2 0
github.com/spetix/otplet/cmd/subcommands/lock.go:16.48,22.4 5 0
github.com/spetix/otplet/cmd/subcommands/lock.go:25.2,28.13 3 0
github.com/spetix/otplet/cmd/subcommands/show.go:16.38,24.55 4 0
github.com/spetix/otplet/cmd/subcommands/show.go:24.55,33.18 7 0
github.com/spetix/otplet/cmd/subcommands/show.go:33.18,35.5 1 0
github.com/spetix/otplet/cmd/subcommands/show.go:35.10,37.5 1 0
github.com/spetix/otplet/cmd/subcommands/show.go:39.4,41.17 2 0
github.com/spetix/otplet/cmd/subcommands/show.go:41.17,43.5 1 0
github.com/spetix/otplet/cmd/subcommands/show.go:44.4,47.14 3 0
github.com/spetix/otplet/cmd/subcommands/show.go:51.2,54.15 4 0
github.com/spetix/otplet/cmd/subcommands/show.go:54.15,56.3 1 0
github.com/spetix/otplet/cmd/subcommands/show.go:57.2,60.15 4 0
github.com/spetix/otplet/cmd/subcommands/show.go:60.15,62.3 1 0
github.com/spetix/otplet/cmd/subcommands/show.go:63.2,65.17 3 0
github.com/spetix/otplet/cmd/subcommands/show.go:65.17,67.3 1 0
github.com/spetix/otplet/cmd/subcommands/show.go:68.2,73.13 4 0
github.com/spetix/otplet/cmd/subcommands/unlock.go:11.40,16.48 2 0
github.com/spetix/otplet/cmd/subcommands/unlock.go:16.48,22.4 5 0
github.com/spetix/otplet/cmd/subcommands/unlock.go:25.2,27.15 3 0
github.com/spetix/otplet/internal/events/clicks.go:13.100,14.17 1 0
github.com/spetix/otplet/internal/events/clicks.go:15.11,16.36 1 0
github.com/spetix/otplet/internal/events/clicks.go:17.11,21.38 3 0
github.com/spetix/otplet/internal/events/clicks.go:23.2,23.12 1 0
github.com/spetix/otplet/internal/events/clicks.go:26.46,29.16 2 0
github.com/spetix/otplet/internal/events/clicks.go:29.16,31.3 1 0
github.com/spetix/otplet/internal/events/clicks.go:32.2,35.16 3 0
github.com/spetix/otplet/internal/events/clicks.go:35.16,37.3 1 0
github.com/spetix/otplet/internal/events/clicks.go:38.2,42.42 3 0
github.com/spetix/otplet/internal/events/clicks.go:42.42,44.3 1 0
github.com/spetix/otplet/internal/events/clicks.go:45.2,45.44 1 0
github.com/spetix/otplet/internal/events/clicks.go:45.44,47.3 1 0
github.com/spetix/otplet/internal/events/clicks.go:48.2,60.38 3 0
github.com/spetix/otplet/internal/events/clicks.go:60.38,62.3 1 0
github.com/spetix/otplet/internal/events/clicks.go:65.2,73.22 4 0
github.com/spetix/otplet/cmd/main.go:13.38,17.68 1 0
github.com/spetix/otplet/cmd/main.go:17.68,19.18 2 0
github.com/spetix/otplet/cmd/main.go:19.18,21.5 1 0
github.com/spetix/otplet/cmd/main.go:22.4,25.18 3 0
github.com/spetix/otplet/cmd/main.go:25.18,27.5 1 0
github.com/spetix/otplet/cmd/main.go:28.4,30.14 3 0
github.com/spetix/otplet/cmd/main.go:32.48,34.4 1 0
github.com/spetix/otplet/cmd/main.go:37.2,42.13 5 0
github.com/spetix/otplet/cmd/main.go:45.13,53.42 6 0
github.com/spetix/otplet/cmd/main.go:53.42,56.3 2 0
github.com/spetix/otplet/internal/logger/setuplogger.go:14.75,18.19 2 0
github.com/spetix/otplet/internal/logger/setuplogger.go:18.19,20.17 2 0
github.com/spetix/otplet/internal/logger/setuplogger.go:20.17,22.4 1 0
github.com/spetix/otplet/internal/logger/setuplogger.go:23.3,23.10 1 0
github.com/spetix/otplet/internal/logger/setuplogger.go:27.2,28.36 2 0
github.com/spetix/otplet/internal/logger/setuplogger.go:29.14,30.52 1 0
github.com/spetix/otplet/internal/logger/setuplogger.go:31.14,34.32 1 0
github.com/spetix/otplet/internal/logger/setuplogger.go:35.10,36.61 1 0
github.com/spetix/otplet/internal/logger/setuplogger.go:40.2,41.35 2 0
github.com/spetix/otplet/internal/logger/setuplogger.go:42.15,43.29 1 0
github.com/spetix/otplet/internal/logger/setuplogger.go:44.14,45.28 1 0
github.com/spetix/otplet/internal/logger/setuplogger.go:46.14,47.28 1 0
github.com/spetix/otplet/internal/logger/setuplogger.go:48.15,49.29 1 0
github.com/spetix/otplet/internal/logger/setuplogger.go:50.10,51.68 1 0
github.com/spetix/otplet/internal/logger/setuplogger.go:55.2,61.12 3 0
github.com/spetix/otplet/internal/provider/otp_provider.go:20.40,22.2 1 0
github.com/spetix/otplet/internal/provider/otp_provider.go:24.60,31.2 1 0
github.com/spetix/otplet/internal/provider/otp_provider.go:33.44,35.2 1 0
github.com/spetix/otplet/internal/provider/otp_provider.go:44.51,57.2 4 1
github.com/spetix/otplet/internal/provider/otp_provider.go:59.33,76.2 5 1
github.com/spetix/otplet/internal/provider/otp_provider.go:78.31,83.21 4 1
github.com/spetix/otplet/internal/provider/otp_provider.go:83.21,85.3 1 0
github.com/spetix/otplet/internal/provider/otp_provider.go:89.55,91.2 1 1
github.com/spetix/otplet/internal/provider/otp_provider.go:93.39,95.2 1 0
github.com/spetix/otplet/internal/provider/otp_provider.go:99.56,103.2 3 1
github.com/spetix/otplet/internal/render/data.go:26.34,27.18 1 1
github.com/spetix/otplet/internal/render/data.go:27.18,29.3 1 1
github.com/spetix/otplet/internal/render/data.go:30.2,31.38 2 1
github.com/spetix/otplet/internal/render/data.go:31.38,33.3 1 0
github.com/spetix/otplet/internal/render/data.go:34.2,34.18 1 1
github.com/spetix/otplet/internal/render/data.go:39.33,40.18 1 1
github.com/spetix/otplet/internal/render/data.go:40.18,42.3 1 1
github.com/spetix/otplet/internal/render/data.go:43.2,44.38 2 1
github.com/spetix/otplet/internal/render/data.go:44.38,46.3 1 0
github.com/spetix/otplet/internal/render/data.go:48.2,48.28 1 1
github.com/spetix/otplet/internal/render/data.go:48.28,50.3 1 1
github.com/spetix/otplet/internal/render/data.go:52.2,52.18 1 0
github.com/spetix/otplet/internal/render/data.go:55.44,57.2 1 0
github.com/spetix/otplet/internal/render/data.go:59.44,61.2 1 0
github.com/spetix/otplet/internal/render/data.go:63.34,65.2 1 0
github.com/spetix/otplet/internal/render/data.go:69.36,72.2 1 0
github.com/spetix/otplet/internal/render/data.go:76.41,79.2 1 0
github.com/spetix/otplet/internal/render/data.go:83.85,88.2 1 1
github.com/spetix/otplet/internal/secretmanager/secretmanager.go:18.46,19.34 1 1
github.com/spetix/otplet/internal/secretmanager/secretmanager.go:19.34,21.17 2 0
github.com/spetix/otplet/internal/secretmanager/secretmanager.go:21.17,23.4 1 0
github.com/spetix/otplet/internal/secretmanager/secretmanager.go:24.3,24.45 1 0
github.com/spetix/otplet/internal/secretmanager/secretmanager.go:26.2,26.27 1 1
github.com/spetix/otplet/internal/secretmanager/secretmanager.go:29.44,31.2 1 0
github.com/spetix/otplet/internal/secretmanager/secretmanager.go:33.57,42.34 7 1
github.com/spetix/otplet/internal/secretmanager/secretmanager.go:42.34,44.3 1 0
github.com/spetix/otplet/internal/secretmanager/secretmanager.go:46.2,46.28 1 1
github.com/spetix/otplet/internal/secretmanager/secretmanager.go:49.73,50.26 1 1
github.com/spetix/otplet/internal/secretmanager/secretmanager.go:50.26,52.3 1 0
github.com/spetix/otplet/internal/secretmanager/secretmanager.go:55.2,56.39 2 1
github.com/spetix/otplet/internal/secretmanager/secretmanager.go:56.39,58.3 1 1
github.com/spetix/otplet/internal/secretmanager/secretmanager.go:59.2,69.34 8 1
github.com/spetix/otplet/internal/secretmanager/secretmanager.go:69.34,71.3 1 0
github.com/spetix/otplet/internal/secretmanager/secretmanager.go:73.2,73.28 1 1
github.com/spetix/otplet/internal/secretmanager/secretmanager.go:77.74,79.16 2 1
github.com/spetix/otplet/internal/secretmanager/secretmanager.go:79.16,81.3 1 0
github.com/spetix/otplet/internal/secretmanager/secretmanager.go:83.2,84.16 2 1
github.com/spetix/otplet/internal/secretmanager/secretmanager.go:84.16,86.3 1 0
github.com/spetix/otplet/internal/secretmanager/secretmanager.go:88.2,89.16 2 1
github.com/spetix/otplet/internal/secretmanager/secretmanager.go:89.16,93.3 2 0
github.com/spetix/otplet/internal/secretmanager/secretmanager.go:95.2,96.84 2 1
github.com/spetix/otplet/internal/secretmanager/secretmanager.go:96.84,98.3 1 0
github.com/spetix/otplet/internal/secretmanager/secretmanager.go:100.2,101.16 2 1
github.com/spetix/otplet/internal/secretmanager/secretmanager.go:101.16,103.3 1 0
github.com/spetix/otplet/internal/secretmanager/secretmanager.go:105.2,105.16 1 1
github.com/spetix/otplet/internal/secretmanager/secretmanager.go:105.16,108.3 2 0
github.com/spetix/otplet/internal/secretmanager/secretmanager.go:109.2,111.25 2 1
github.com/spetix/otplet/internal/secretmanager/secretmanager.go:114.76,115.15 1 1
github.com/spetix/otplet/internal/secretmanager/secretmanager.go:115.15,117.3 1 0
github.com/spetix/otplet/internal/secretmanager/secretmanager.go:118.2,123.16 4 1
github.com/spetix/otplet/internal/secretmanager/secretmanager.go:123.16,125.3 1 0
github.com/spetix/otplet/internal/secretmanager/secretmanager.go:126.2,127.16 2 1
github.com/spetix/otplet/internal/secretmanager/secretmanager.go:127.16,129.3 1 0
github.com/spetix/otplet/internal/secretmanager/secretmanager.go:131.2,131.25 1 1
github.com/spetix/otplet/internal/secretmanager/secretmanager.go:131.25,133.17 2 1
github.com/spetix/otplet/internal/secretmanager/secretmanager.go:133.17,135.4 1 0
github.com/spetix/otplet/internal/secretmanager/secretmanager.go:136.3,137.17 2 1
github.com/spetix/otplet/internal/secretmanager/secretmanager.go:137.17,139.4 1 0
github.com/spetix/otplet/internal/secretmanager/secretmanager.go:140.3,140.70 1 1
github.com/spetix/otplet/internal/secretmanager/secretmanager.go:140.70,142.4 1 0
github.com/spetix/otplet/internal/secretmanager/secretmanager.go:143.3,146.13 2 1
github.com/spetix/otplet/internal/secretmanager/secretmanager.go:149.2,150.16 2 0
github.com/spetix/otplet/internal/secretmanager/secretmanager.go:150.16,152.3 1 0
github.com/spetix/otplet/internal/secretmanager/secretmanager.go:153.2,156.46 3 0
github.com/spetix/otplet/internal/secretmanager/secretmanager.go:156.46,158.3 1 0
github.com/spetix/otplet/internal/secretmanager/secretmanager.go:159.2,163.12 2 0
